{"contracts\\DAOMultiSigWallet.sol":{"l":{"95":2074,"96":2030,"100":907,"101":889,"102":889,"106":1039,"107":1021,"111":1021,"112":1003,"116":1994,"117":1922,"121":0,"125":0,"129":915,"130":897,"134":0,"138":0,"142":0,"146":0,"160":877,"162":841,"163":2558,"164":2558,"166":2558,"167":2558,"170":841,"177":841,"182":877,"183":2612,"184":2594,"185":2787,"199":843,"201":825,"203":825,"216":825,"217":825,"218":825,"219":825,"220":825,"222":825,"234":18,"235":18,"236":18,"237":18,"239":18,"241":18,"242":54,"252":54,"254":54,"256":54,"269":54,"270":54,"271":54,"272":54,"273":54,"275":54,"285":741,"286":741,"287":741,"288":716,"290":698,"291":698,"293":698,"294":674,"296":24,"299":698,"302":698,"304":0,"315":54,"316":54,"318":54,"319":374,"320":374,"326":374,"332":374,"334":374,"335":374,"337":374,"338":356,"340":18,"343":374,"357":226,"358":226,"360":226,"361":208,"363":190,"364":172,"366":154,"373":154,"375":154,"376":154,"378":154,"380":154,"382":154,"383":21,"384":21,"385":21,"398":22,"399":22,"401":22,"402":74,"403":74,"404":74,"410":74,"411":0,"414":74,"415":74,"418":74,"425":74,"427":74,"428":74,"430":74,"432":74,"434":74,"435":0,"436":0,"444":26,"445":26,"446":26,"448":26,"449":26,"451":26,"458":0,"459":0,"461":0,"463":0,"464":0,"465":0,"466":0,"467":0,"471":0,"472":0,"473":0,"476":0,"486":12,"487":12,"489":12,"499":0,"500":0,"502":0,"509":90,"510":90,"517":0,"518":0,"523":54,"527":54,"531":66,"535":18,"539":72,"552":216,"553":216,"571":0,"572":0,"581":36,"585":54,"594":52,"595":0,"598":52,"599":52,"601":52,"606":52,"613":52,"615":52,"621":34,"622":34,"627":18,"629":18,"630":54,"631":54,"635":18},"path":"C:\\Users\\khoer\\dao-multisig-wallet\\contracts\\DAOMultiSigWallet.sol","s":{"1":2074,"2":907,"3":889,"4":1039,"5":1021,"6":1994,"7":0,"8":915,"9":0,"10":0,"11":877,"12":841,"13":2558,"14":2558,"15":2558,"16":841,"17":877,"18":2612,"19":2594,"20":2787,"21":843,"22":825,"23":825,"24":18,"25":18,"26":18,"27":18,"28":18,"29":54,"30":54,"31":54,"32":741,"33":741,"34":741,"35":716,"36":698,"37":698,"38":698,"39":0,"40":54,"41":54,"42":54,"43":374,"44":374,"45":374,"46":374,"47":374,"48":374,"49":226,"50":226,"51":226,"52":208,"53":190,"54":172,"55":154,"56":154,"57":154,"58":154,"59":154,"60":21,"61":22,"62":22,"63":22,"64":74,"65":74,"66":74,"67":74,"68":0,"69":74,"70":74,"71":74,"72":74,"73":74,"74":74,"75":74,"76":26,"77":26,"78":26,"79":26,"80":26,"81":0,"82":0,"83":0,"84":0,"85":0,"86":0,"87":0,"88":0,"89":12,"90":12,"91":0,"92":0,"93":90,"94":0,"95":54,"96":54,"97":66,"98":18,"99":72,"100":216,"101":216,"102":0,"103":0,"104":36,"105":54,"106":52,"107":0,"108":52,"109":52,"110":34,"111":34,"112":18,"113":18,"114":54,"115":18},"b":{"1":[2030,44],"2":[889,18],"3":[889,0],"4":[1021,18],"5":[1003,18],"6":[1922,72],"7":[0,0],"8":[897,18],"9":[0,0],"10":[0,0],"11":[2558,0],"12":[2594,18],"13":[2769,18],"14":[897,18],"15":[861,36],"16":[843,18],"17":[825,18],"18":[18,0],"19":[18,0],"20":[18,0],"21":[18,0],"22":[18,0],"23":[18,0],"24":[54,0],"25":[54,0],"26":[777,26],"27":[759,18],"28":[759,0],"29":[741,18],"30":[741,0],"31":[716,25],"32":[698,18],"33":[674,24],"34":[0,698],"35":[54,0],"36":[54,0],"37":[54,0],"38":[54,0],"39":[374,0],"40":[356,18],"41":[262,0],"42":[262,0],"43":[244,18],"44":[226,18],"45":[208,18],"46":[190,18],"47":[172,18],"48":[154,18],"49":[21,133],"50":[22,0],"51":[22,0],"52":[22,0],"53":[22,0],"54":[74,0],"55":[0,74],"56":[0,0],"57":[0,74],"58":[26,0],"59":[26,0],"60":[26,0],"61":[0,0],"62":[0,0],"63":[0,0],"64":[0,0],"65":[12,0],"66":[0,0],"67":[90,18],"68":[0,0],"69":[0,52],"70":[34,18],"71":[34,0],"72":[54,0]},"f":{"1":2074,"2":907,"3":1039,"4":1021,"5":1994,"6":0,"7":915,"8":0,"9":0,"10":877,"11":877,"12":843,"13":18,"14":54,"15":741,"16":54,"17":374,"18":226,"19":154,"20":22,"21":74,"22":74,"23":26,"24":0,"25":12,"26":0,"27":90,"28":0,"29":54,"30":54,"31":66,"32":18,"33":72,"34":216,"35":0,"36":36,"37":54,"38":52,"39":34,"40":18,"41":0},"fnMap":{"1":{"name":"onlySigner","line":94,"loc":{"start":{"line":94,"column":4},"end":{"line":97,"column":4}}},"2":{"name":"validRequirement","line":99,"loc":{"start":{"line":99,"column":4},"end":{"line":103,"column":4}}},"3":{"name":"txExists","line":105,"loc":{"start":{"line":105,"column":4},"end":{"line":108,"column":4}}},"4":{"name":"notExecuted","line":110,"loc":{"start":{"line":110,"column":4},"end":{"line":113,"column":4}}},"5":{"name":"notPaused","line":115,"loc":{"start":{"line":115,"column":4},"end":{"line":118,"column":4}}},"6":{"name":"validProposalDuration","line":120,"loc":{"start":{"line":120,"column":4},"end":{"line":126,"column":4}}},"7":{"name":"validDeadline","line":128,"loc":{"start":{"line":128,"column":4},"end":{"line":131,"column":4}}},"8":{"name":"executionDelayMet","line":133,"loc":{"start":{"line":133,"column":4},"end":{"line":139,"column":4}}},"9":{"name":"notExpired","line":141,"loc":{"start":{"line":141,"column":4},"end":{"line":147,"column":4}}},"10":{"name":"constructor","line":157,"loc":{"start":{"line":149,"column":4},"end":{"line":178,"column":4}}},"11":{"name":"_validateSigners","line":181,"loc":{"start":{"line":181,"column":4},"end":{"line":188,"column":4}}},"12":{"name":"submitTransaction","line":198,"loc":{"start":{"line":193,"column":4},"end":{"line":223,"column":4}}},"13":{"name":"submitBatchTransactions","line":233,"loc":{"start":{"line":228,"column":4},"end":{"line":244,"column":4}}},"14":{"name":"_submitTransactionInternal","line":251,"loc":{"start":{"line":246,"column":4},"end":{"line":276,"column":4}}},"15":{"name":"voteOnTransaction","line":284,"loc":{"start":{"line":281,"column":4},"end":{"line":306,"column":4}}},"16":{"name":"batchVote","line":314,"loc":{"start":{"line":311,"column":4},"end":{"line":329,"column":4}}},"17":{"name":"_voteInternal","line":331,"loc":{"start":{"line":331,"column":4},"end":{"line":344,"column":4}}},"18":{"name":"executeTransaction","line":355,"loc":{"start":{"line":350,"column":4},"end":{"line":367,"column":4}}},"19":{"name":"_executeTransactionInternal","line":372,"loc":{"start":{"line":372,"column":4},"end":{"line":387,"column":4}}},"20":{"name":"batchExecuteTransactions","line":396,"loc":{"start":{"line":392,"column":4},"end":{"line":407,"column":4}}},"21":{"name":"_canExecuteTransaction","line":409,"loc":{"start":{"line":409,"column":4},"end":{"line":422,"column":4}}},"22":{"name":"_executeTransactionInternalBatch","line":424,"loc":{"start":{"line":424,"column":4},"end":{"line":438,"column":4}}},"23":{"name":"addSigner","line":443,"loc":{"start":{"line":443,"column":4},"end":{"line":452,"column":4}}},"24":{"name":"removeSigner","line":457,"loc":{"start":{"line":457,"column":4},"end":{"line":477,"column":4}}},"25":{"name":"changeRequiredSignatures","line":484,"loc":{"start":{"line":482,"column":4},"end":{"line":490,"column":4}}},"26":{"name":"changeProposalDuration","line":497,"loc":{"start":{"line":495,"column":4},"end":{"line":503,"column":4}}},"27":{"name":"togglePause","line":508,"loc":{"start":{"line":508,"column":4},"end":{"line":511,"column":4}}},"28":{"name":"changeExecutionDelay","line":516,"loc":{"start":{"line":516,"column":4},"end":{"line":519,"column":4}}},"29":{"name":"getSigners","line":522,"loc":{"start":{"line":522,"column":4},"end":{"line":524,"column":4}}},"30":{"name":"getSignerCount","line":526,"loc":{"start":{"line":526,"column":4},"end":{"line":528,"column":4}}},"31":{"name":"getRequiredSignatures","line":530,"loc":{"start":{"line":530,"column":4},"end":{"line":532,"column":4}}},"32":{"name":"getProposalDuration","line":534,"loc":{"start":{"line":534,"column":4},"end":{"line":536,"column":4}}},"33":{"name":"isPaused","line":538,"loc":{"start":{"line":538,"column":4},"end":{"line":540,"column":4}}},"34":{"name":"getTransaction","line":542,"loc":{"start":{"line":542,"column":4},"end":{"line":563,"column":4}}},"35":{"name":"getProposal","line":565,"loc":{"start":{"line":565,"column":4},"end":{"line":578,"column":4}}},"36":{"name":"hasVoted","line":580,"loc":{"start":{"line":580,"column":4},"end":{"line":582,"column":4}}},"37":{"name":"getVote","line":584,"loc":{"start":{"line":584,"column":4},"end":{"line":586,"column":4}}},"38":{"name":"getTransactionStatus","line":588,"loc":{"start":{"line":588,"column":4},"end":{"line":617,"column":4}}},"39":{"name":"estimateExecutionGas","line":620,"loc":{"start":{"line":620,"column":4},"end":{"line":623,"column":4}}},"40":{"name":"estimateBatchExecutionGas","line":626,"loc":{"start":{"line":626,"column":4},"end":{"line":636,"column":4}}},"41":{"name":null,"line":642,"loc":{"start":{"line":642,"column":4},"end":{"line":642,"column":33}}}},"statementMap":{"1":{"start":{"line":95,"column":8},"end":{"line":95,"column":52}},"2":{"start":{"line":100,"column":8},"end":{"line":100,"column":81}},"3":{"start":{"line":101,"column":8},"end":{"line":101,"column":98}},"4":{"start":{"line":106,"column":8},"end":{"line":106,"column":70}},"5":{"start":{"line":111,"column":8},"end":{"line":111,"column":77}},"6":{"start":{"line":116,"column":8},"end":{"line":116,"column":52}},"7":{"start":{"line":121,"column":8},"end":{"line":121,"column":3716}},"8":{"start":{"line":129,"column":8},"end":{"line":129,"column":63}},"9":{"start":{"line":134,"column":8},"end":{"line":134,"column":4081}},"10":{"start":{"line":142,"column":8},"end":{"line":142,"column":4298}},"11":{"start":{"line":160,"column":8},"end":{"line":160,"column":33}},"12":{"start":{"line":162,"column":8},"end":{"line":162,"column":4835}},"13":{"start":{"line":163,"column":12},"end":{"line":163,"column":40}},"14":{"start":{"line":164,"column":12},"end":{"line":164,"column":58}},"15":{"start":{"line":167,"column":12},"end":{"line":167,"column":31}},"16":{"start":{"line":177,"column":8},"end":{"line":177,"column":52}},"17":{"start":{"line":182,"column":8},"end":{"line":182,"column":5578}},"18":{"start":{"line":183,"column":12},"end":{"line":183,"column":63}},"19":{"start":{"line":184,"column":12},"end":{"line":184,"column":5742}},"20":{"start":{"line":185,"column":16},"end":{"line":185,"column":71}},"21":{"start":{"line":199,"column":8},"end":{"line":199,"column":54}},"22":{"start":{"line":216,"column":8},"end":{"line":216,"column":51}},"23":{"start":{"line":222,"column":8},"end":{"line":222,"column":71}},"24":{"start":{"line":234,"column":8},"end":{"line":234,"column":74}},"25":{"start":{"line":235,"column":8},"end":{"line":235,"column":71}},"26":{"start":{"line":236,"column":8},"end":{"line":236,"column":74}},"27":{"start":{"line":237,"column":8},"end":{"line":237,"column":82}},"28":{"start":{"line":241,"column":8},"end":{"line":241,"column":7707}},"29":{"start":{"line":252,"column":8},"end":{"line":252,"column":54}},"30":{"start":{"line":269,"column":8},"end":{"line":269,"column":51}},"31":{"start":{"line":275,"column":8},"end":{"line":275,"column":71}},"32":{"start":{"line":285,"column":8},"end":{"line":285,"column":52}},"33":{"start":{"line":286,"column":8},"end":{"line":286,"column":75}},"34":{"start":{"line":287,"column":8},"end":{"line":287,"column":67}},"35":{"start":{"line":288,"column":8},"end":{"line":288,"column":63}},"36":{"start":{"line":293,"column":8},"end":{"line":293,"column":9473}},"37":{"start":{"line":299,"column":8},"end":{"line":299,"column":58}},"38":{"start":{"line":302,"column":8},"end":{"line":302,"column":9751}},"39":{"start":{"line":304,"column":12},"end":{"line":304,"column":45}},"40":{"start":{"line":315,"column":8},"end":{"line":315,"column":74}},"41":{"start":{"line":316,"column":8},"end":{"line":316,"column":78}},"42":{"start":{"line":318,"column":8},"end":{"line":318,"column":10326}},"43":{"start":{"line":319,"column":12},"end":{"line":319,"column":36}},"44":{"start":{"line":320,"column":12},"end":{"line":320,"column":10428}},"45":{"start":{"line":326,"column":16},"end":{"line":326,"column":48}},"46":{"start":{"line":332,"column":8},"end":{"line":332,"column":52}},"47":{"start":{"line":337,"column":8},"end":{"line":337,"column":11036}},"48":{"start":{"line":343,"column":8},"end":{"line":343,"column":58}},"49":{"start":{"line":357,"column":8},"end":{"line":357,"column":61}},"50":{"start":{"line":358,"column":8},"end":{"line":358,"column":52}},"51":{"start":{"line":360,"column":8},"end":{"line":360,"column":77}},"52":{"start":{"line":361,"column":8},"end":{"line":361,"column":87}},"53":{"start":{"line":363,"column":8},"end":{"line":363,"column":95}},"54":{"start":{"line":364,"column":8},"end":{"line":364,"column":78}},"55":{"start":{"line":366,"column":8},"end":{"line":366,"column":41}},"56":{"start":{"line":373,"column":8},"end":{"line":373,"column":61}},"57":{"start":{"line":378,"column":8},"end":{"line":378,"column":90}},"58":{"start":{"line":380,"column":8},"end":{"line":380,"column":60}},"59":{"start":{"line":382,"column":8},"end":{"line":382,"column":12678}},"60":{"start":{"line":385,"column":12},"end":{"line":385,"column":49}},"61":{"start":{"line":398,"column":8},"end":{"line":398,"column":38}},"62":{"start":{"line":399,"column":8},"end":{"line":399,"column":64}},"63":{"start":{"line":401,"column":8},"end":{"line":401,"column":13225}},"64":{"start":{"line":402,"column":12},"end":{"line":402,"column":36}},"65":{"start":{"line":403,"column":12},"end":{"line":403,"column":13320}},"66":{"start":{"line":404,"column":16},"end":{"line":404,"column":53}},"67":{"start":{"line":410,"column":8},"end":{"line":410,"column":13536}},"68":{"start":{"line":411,"column":12},"end":{"line":411,"column":24}},"69":{"start":{"line":414,"column":8},"end":{"line":414,"column":61}},"70":{"start":{"line":415,"column":8},"end":{"line":415,"column":52}},"71":{"start":{"line":418,"column":8},"end":{"line":418,"column":13923}},"72":{"start":{"line":425,"column":8},"end":{"line":425,"column":61}},"73":{"start":{"line":430,"column":8},"end":{"line":430,"column":90}},"74":{"start":{"line":432,"column":8},"end":{"line":432,"column":60}},"75":{"start":{"line":434,"column":8},"end":{"line":434,"column":14555}},"76":{"start":{"line":444,"column":8},"end":{"line":444,"column":55}},"77":{"start":{"line":445,"column":8},"end":{"line":445,"column":54}},"78":{"start":{"line":446,"column":8},"end":{"line":446,"column":67}},"79":{"start":{"line":449,"column":8},"end":{"line":449,"column":28}},"80":{"start":{"line":451,"column":8},"end":{"line":451,"column":33}},"81":{"start":{"line":458,"column":8},"end":{"line":458,"column":49}},"82":{"start":{"line":459,"column":8},"end":{"line":459,"column":87}},"83":{"start":{"line":463,"column":8},"end":{"line":463,"column":15471}},"84":{"start":{"line":464,"column":12},"end":{"line":464,"column":15535}},"85":{"start":{"line":466,"column":16},"end":{"line":466,"column":28}},"86":{"start":{"line":471,"column":8},"end":{"line":471,"column":15720}},"87":{"start":{"line":473,"column":12},"end":{"line":473,"column":85}},"88":{"start":{"line":476,"column":8},"end":{"line":476,"column":35}},"89":{"start":{"line":486,"column":8},"end":{"line":486,"column":55}},"90":{"start":{"line":489,"column":8},"end":{"line":489,"column":62}},"91":{"start":{"line":499,"column":8},"end":{"line":499,"column":53}},"92":{"start":{"line":502,"column":8},"end":{"line":502,"column":60}},"93":{"start":{"line":510,"column":8},"end":{"line":510,"column":42}},"94":{"start":{"line":517,"column":8},"end":{"line":517,"column":50}},"95":{"start":{"line":523,"column":8},"end":{"line":523,"column":22}},"96":{"start":{"line":527,"column":8},"end":{"line":527,"column":29}},"97":{"start":{"line":531,"column":8},"end":{"line":531,"column":40}},"98":{"start":{"line":535,"column":8},"end":{"line":535,"column":38}},"99":{"start":{"line":539,"column":8},"end":{"line":539,"column":28}},"100":{"start":{"line":552,"column":8},"end":{"line":552,"column":61}},"101":{"start":{"line":553,"column":8},"end":{"line":553,"column":18126}},"102":{"start":{"line":571,"column":8},"end":{"line":571,"column":52}},"103":{"start":{"line":572,"column":8},"end":{"line":572,"column":18665}},"104":{"start":{"line":581,"column":8},"end":{"line":581,"column":48}},"105":{"start":{"line":585,"column":8},"end":{"line":585,"column":45}},"106":{"start":{"line":594,"column":8},"end":{"line":594,"column":19301}},"107":{"start":{"line":595,"column":12},"end":{"line":595,"column":42}},"108":{"start":{"line":598,"column":8},"end":{"line":598,"column":61}},"109":{"start":{"line":599,"column":8},"end":{"line":599,"column":52}},"110":{"start":{"line":621,"column":8},"end":{"line":621,"column":70}},"111":{"start":{"line":622,"column":8},"end":{"line":622,"column":20}},"112":{"start":{"line":627,"column":8},"end":{"line":627,"column":28}},"113":{"start":{"line":629,"column":8},"end":{"line":629,"column":20761}},"114":{"start":{"line":630,"column":12},"end":{"line":630,"column":20824}},"115":{"start":{"line":635,"column":8},"end":{"line":635,"column":23}}},"branchMap":{"1":{"line":95,"type":"if","locations":[{"start":{"line":95,"column":8},"end":{"line":95,"column":8}},{"start":{"line":95,"column":8},"end":{"line":95,"column":8}}]},"2":{"line":100,"type":"if","locations":[{"start":{"line":100,"column":8},"end":{"line":100,"column":8}},{"start":{"line":100,"column":8},"end":{"line":100,"column":8}}]},"3":{"line":101,"type":"if","locations":[{"start":{"line":101,"column":8},"end":{"line":101,"column":8}},{"start":{"line":101,"column":8},"end":{"line":101,"column":8}}]},"4":{"line":106,"type":"if","locations":[{"start":{"line":106,"column":8},"end":{"line":106,"column":8}},{"start":{"line":106,"column":8},"end":{"line":106,"column":8}}]},"5":{"line":111,"type":"if","locations":[{"start":{"line":111,"column":8},"end":{"line":111,"column":8}},{"start":{"line":111,"column":8},"end":{"line":111,"column":8}}]},"6":{"line":116,"type":"if","locations":[{"start":{"line":116,"column":8},"end":{"line":116,"column":8}},{"start":{"line":116,"column":8},"end":{"line":116,"column":8}}]},"7":{"line":121,"type":"if","locations":[{"start":{"line":121,"column":8},"end":{"line":121,"column":8}},{"start":{"line":121,"column":8},"end":{"line":121,"column":8}}]},"8":{"line":129,"type":"if","locations":[{"start":{"line":129,"column":8},"end":{"line":129,"column":8}},{"start":{"line":129,"column":8},"end":{"line":129,"column":8}}]},"9":{"line":134,"type":"if","locations":[{"start":{"line":134,"column":8},"end":{"line":134,"column":8}},{"start":{"line":134,"column":8},"end":{"line":134,"column":8}}]},"10":{"line":142,"type":"if","locations":[{"start":{"line":142,"column":8},"end":{"line":142,"column":8}},{"start":{"line":142,"column":8},"end":{"line":142,"column":8}}]},"11":{"line":164,"type":"if","locations":[{"start":{"line":164,"column":12},"end":{"line":164,"column":12}},{"start":{"line":164,"column":12},"end":{"line":164,"column":12}}]},"12":{"line":183,"type":"if","locations":[{"start":{"line":183,"column":12},"end":{"line":183,"column":12}},{"start":{"line":183,"column":12},"end":{"line":183,"column":12}}]},"13":{"line":185,"type":"if","locations":[{"start":{"line":185,"column":16},"end":{"line":185,"column":16}},{"start":{"line":185,"column":16},"end":{"line":185,"column":16}}]},"14":{"line":198,"type":"if","locations":[{"start":{"line":198,"column":15},"end":{"line":198,"column":15}},{"start":{"line":198,"column":15},"end":{"line":198,"column":15}}]},"15":{"line":198,"type":"if","locations":[{"start":{"line":198,"column":26},"end":{"line":198,"column":26}},{"start":{"line":198,"column":26},"end":{"line":198,"column":26}}]},"16":{"line":198,"type":"if","locations":[{"start":{"line":198,"column":36},"end":{"line":198,"column":36}},{"start":{"line":198,"column":36},"end":{"line":198,"column":36}}]},"17":{"line":199,"type":"if","locations":[{"start":{"line":199,"column":8},"end":{"line":199,"column":8}},{"start":{"line":199,"column":8},"end":{"line":199,"column":8}}]},"18":{"line":233,"type":"if","locations":[{"start":{"line":233,"column":15},"end":{"line":233,"column":15}},{"start":{"line":233,"column":15},"end":{"line":233,"column":15}}]},"19":{"line":233,"type":"if","locations":[{"start":{"line":233,"column":26},"end":{"line":233,"column":26}},{"start":{"line":233,"column":26},"end":{"line":233,"column":26}}]},"20":{"line":234,"type":"if","locations":[{"start":{"line":234,"column":8},"end":{"line":234,"column":8}},{"start":{"line":234,"column":8},"end":{"line":234,"column":8}}]},"21":{"line":235,"type":"if","locations":[{"start":{"line":235,"column":8},"end":{"line":235,"column":8}},{"start":{"line":235,"column":8},"end":{"line":235,"column":8}}]},"22":{"line":236,"type":"if","locations":[{"start":{"line":236,"column":8},"end":{"line":236,"column":8}},{"start":{"line":236,"column":8},"end":{"line":236,"column":8}}]},"23":{"line":237,"type":"if","locations":[{"start":{"line":237,"column":8},"end":{"line":237,"column":8}},{"start":{"line":237,"column":8},"end":{"line":237,"column":8}}]},"24":{"line":251,"type":"if","locations":[{"start":{"line":251,"column":15},"end":{"line":251,"column":15}},{"start":{"line":251,"column":15},"end":{"line":251,"column":15}}]},"25":{"line":252,"type":"if","locations":[{"start":{"line":252,"column":8},"end":{"line":252,"column":8}},{"start":{"line":252,"column":8},"end":{"line":252,"column":8}}]},"26":{"line":284,"type":"if","locations":[{"start":{"line":284,"column":15},"end":{"line":284,"column":15}},{"start":{"line":284,"column":15},"end":{"line":284,"column":15}}]},"27":{"line":284,"type":"if","locations":[{"start":{"line":284,"column":26},"end":{"line":284,"column":26}},{"start":{"line":284,"column":26},"end":{"line":284,"column":26}}]},"28":{"line":284,"type":"if","locations":[{"start":{"line":284,"column":42},"end":{"line":284,"column":42}},{"start":{"line":284,"column":42},"end":{"line":284,"column":42}}]},"29":{"line":284,"type":"if","locations":[{"start":{"line":284,"column":61},"end":{"line":284,"column":61}},{"start":{"line":284,"column":61},"end":{"line":284,"column":61}}]},"30":{"line":286,"type":"if","locations":[{"start":{"line":286,"column":8},"end":{"line":286,"column":8}},{"start":{"line":286,"column":8},"end":{"line":286,"column":8}}]},"31":{"line":287,"type":"if","locations":[{"start":{"line":287,"column":8},"end":{"line":287,"column":8}},{"start":{"line":287,"column":8},"end":{"line":287,"column":8}}]},"32":{"line":288,"type":"if","locations":[{"start":{"line":288,"column":8},"end":{"line":288,"column":8}},{"start":{"line":288,"column":8},"end":{"line":288,"column":8}}]},"33":{"line":293,"type":"if","locations":[{"start":{"line":293,"column":8},"end":{"line":293,"column":8}},{"start":{"line":293,"column":8},"end":{"line":293,"column":8}}]},"34":{"line":302,"type":"if","locations":[{"start":{"line":302,"column":8},"end":{"line":302,"column":8}},{"start":{"line":302,"column":8},"end":{"line":302,"column":8}}]},"35":{"line":314,"type":"if","locations":[{"start":{"line":314,"column":15},"end":{"line":314,"column":15}},{"start":{"line":314,"column":15},"end":{"line":314,"column":15}}]},"36":{"line":314,"type":"if","locations":[{"start":{"line":314,"column":26},"end":{"line":314,"column":26}},{"start":{"line":314,"column":26},"end":{"line":314,"column":26}}]},"37":{"line":315,"type":"if","locations":[{"start":{"line":315,"column":8},"end":{"line":315,"column":8}},{"start":{"line":315,"column":8},"end":{"line":315,"column":8}}]},"38":{"line":316,"type":"if","locations":[{"start":{"line":316,"column":8},"end":{"line":316,"column":8}},{"start":{"line":316,"column":8},"end":{"line":316,"column":8}}]},"39":{"line":320,"type":"if","locations":[{"start":{"line":320,"column":12},"end":{"line":320,"column":12}},{"start":{"line":320,"column":12},"end":{"line":320,"column":12}}]},"40":{"line":337,"type":"if","locations":[{"start":{"line":337,"column":8},"end":{"line":337,"column":8}},{"start":{"line":337,"column":8},"end":{"line":337,"column":8}}]},"41":{"line":352,"type":"if","locations":[{"start":{"line":352,"column":8},"end":{"line":352,"column":8}},{"start":{"line":352,"column":8},"end":{"line":352,"column":8}}]},"42":{"line":353,"type":"if","locations":[{"start":{"line":353,"column":8},"end":{"line":353,"column":8}},{"start":{"line":353,"column":8},"end":{"line":353,"column":8}}]},"43":{"line":354,"type":"if","locations":[{"start":{"line":354,"column":8},"end":{"line":354,"column":8}},{"start":{"line":354,"column":8},"end":{"line":354,"column":8}}]},"44":{"line":355,"type":"if","locations":[{"start":{"line":355,"column":8},"end":{"line":355,"column":8}},{"start":{"line":355,"column":8},"end":{"line":355,"column":8}}]},"45":{"line":360,"type":"if","locations":[{"start":{"line":360,"column":8},"end":{"line":360,"column":8}},{"start":{"line":360,"column":8},"end":{"line":360,"column":8}}]},"46":{"line":361,"type":"if","locations":[{"start":{"line":361,"column":8},"end":{"line":361,"column":8}},{"start":{"line":361,"column":8},"end":{"line":361,"column":8}}]},"47":{"line":363,"type":"if","locations":[{"start":{"line":363,"column":8},"end":{"line":363,"column":8}},{"start":{"line":363,"column":8},"end":{"line":363,"column":8}}]},"48":{"line":364,"type":"if","locations":[{"start":{"line":364,"column":8},"end":{"line":364,"column":8}},{"start":{"line":364,"column":8},"end":{"line":364,"column":8}}]},"49":{"line":382,"type":"if","locations":[{"start":{"line":382,"column":8},"end":{"line":382,"column":8}},{"start":{"line":382,"column":8},"end":{"line":382,"column":8}}]},"50":{"line":394,"type":"if","locations":[{"start":{"line":394,"column":8},"end":{"line":394,"column":8}},{"start":{"line":394,"column":8},"end":{"line":394,"column":8}}]},"51":{"line":395,"type":"if","locations":[{"start":{"line":395,"column":8},"end":{"line":395,"column":8}},{"start":{"line":395,"column":8},"end":{"line":395,"column":8}}]},"52":{"line":396,"type":"if","locations":[{"start":{"line":396,"column":8},"end":{"line":396,"column":8}},{"start":{"line":396,"column":8},"end":{"line":396,"column":8}}]},"53":{"line":399,"type":"if","locations":[{"start":{"line":399,"column":8},"end":{"line":399,"column":8}},{"start":{"line":399,"column":8},"end":{"line":399,"column":8}}]},"54":{"line":403,"type":"if","locations":[{"start":{"line":403,"column":12},"end":{"line":403,"column":12}},{"start":{"line":403,"column":12},"end":{"line":403,"column":12}}]},"55":{"line":410,"type":"if","locations":[{"start":{"line":410,"column":8},"end":{"line":410,"column":8}},{"start":{"line":410,"column":8},"end":{"line":410,"column":8}}]},"56":{"line":410,"type":"cond-expr","locations":[{"start":{"line":410,"column":12},"end":{"line":410,"column":36}},{"start":{"line":410,"column":41},"end":{"line":410,"column":68}}]},"57":{"line":434,"type":"if","locations":[{"start":{"line":434,"column":8},"end":{"line":434,"column":8}},{"start":{"line":434,"column":8},"end":{"line":434,"column":8}}]},"58":{"line":444,"type":"if","locations":[{"start":{"line":444,"column":8},"end":{"line":444,"column":8}},{"start":{"line":444,"column":8},"end":{"line":444,"column":8}}]},"59":{"line":445,"type":"if","locations":[{"start":{"line":445,"column":8},"end":{"line":445,"column":8}},{"start":{"line":445,"column":8},"end":{"line":445,"column":8}}]},"60":{"line":446,"type":"if","locations":[{"start":{"line":446,"column":8},"end":{"line":446,"column":8}},{"start":{"line":446,"column":8},"end":{"line":446,"column":8}}]},"61":{"line":458,"type":"if","locations":[{"start":{"line":458,"column":8},"end":{"line":458,"column":8}},{"start":{"line":458,"column":8},"end":{"line":458,"column":8}}]},"62":{"line":459,"type":"if","locations":[{"start":{"line":459,"column":8},"end":{"line":459,"column":8}},{"start":{"line":459,"column":8},"end":{"line":459,"column":8}}]},"63":{"line":464,"type":"if","locations":[{"start":{"line":464,"column":12},"end":{"line":464,"column":12}},{"start":{"line":464,"column":12},"end":{"line":464,"column":12}}]},"64":{"line":471,"type":"if","locations":[{"start":{"line":471,"column":8},"end":{"line":471,"column":8}},{"start":{"line":471,"column":8},"end":{"line":471,"column":8}}]},"65":{"line":484,"type":"if","locations":[{"start":{"line":484,"column":8},"end":{"line":484,"column":8}},{"start":{"line":484,"column":8},"end":{"line":484,"column":8}}]},"66":{"line":497,"type":"if","locations":[{"start":{"line":497,"column":8},"end":{"line":497,"column":8}},{"start":{"line":497,"column":8},"end":{"line":497,"column":8}}]},"67":{"line":508,"type":"if","locations":[{"start":{"line":508,"column":36},"end":{"line":508,"column":36}},{"start":{"line":508,"column":36},"end":{"line":508,"column":36}}]},"68":{"line":517,"type":"if","locations":[{"start":{"line":517,"column":8},"end":{"line":517,"column":8}},{"start":{"line":517,"column":8},"end":{"line":517,"column":8}}]},"69":{"line":594,"type":"if","locations":[{"start":{"line":594,"column":8},"end":{"line":594,"column":8}},{"start":{"line":594,"column":8},"end":{"line":594,"column":8}}]},"70":{"line":616,"type":"if","locations":[{"start":{"line":616,"column":24},"end":{"line":616,"column":57}},{"start":{"line":616,"column":61},"end":{"line":616,"column":61}}]},"71":{"line":621,"type":"if","locations":[{"start":{"line":621,"column":8},"end":{"line":621,"column":8}},{"start":{"line":621,"column":8},"end":{"line":621,"column":8}}]},"72":{"line":630,"type":"if","locations":[{"start":{"line":630,"column":12},"end":{"line":630,"column":12}},{"start":{"line":630,"column":12},"end":{"line":630,"column":12}}]}}},"contracts\\GasOptimizer.sol":{"l":{"49":0,"52":0,"75":0,"90":0,"93":0,"94":0,"97":0,"98":0,"103":0,"104":0,"107":0,"118":0,"121":0,"144":0,"155":0,"166":0,"167":0,"182":0,"183":0,"186":0,"187":0,"200":0,"202":0,"203":0,"205":0,"206":0,"207":0,"210":0,"225":0,"226":0,"227":0,"231":0,"249":0,"264":0,"265":0,"268":0,"269":0,"270":0,"273":0,"279":0,"280":0,"283":0,"284":0,"287":0,"288":0,"303":0,"304":0,"305":0,"309":0,"310":0,"311":0,"314":0,"316":0,"364":0,"429":0,"430":0,"441":0,"467":0,"468":0,"469":0,"470":0,"472":0,"484":0,"492":0,"500":0,"509":0,"510":0,"511":0,"527":0,"528":0,"532":0,"546":0,"547":0,"551":0,"569":0,"570":0,"572":0,"586":0,"587":0,"591":0,"610":0,"611":0,"613":0,"614":0,"630":0,"649":0,"667":0,"668":0,"671":0,"699":0,"700":0,"703":0,"704":0,"707":0,"708":0,"723":0,"725":0,"726":0,"728":0,"730":0,"733":0,"737":0},"path":"C:\\Users\\khoer\\dao-multisig-wallet\\contracts\\GasOptimizer.sol","s":{"1":0,"2":0,"3":0,"4":0,"5":0,"6":0,"7":0,"8":0,"9":0,"10":0,"11":0,"12":0,"13":0,"14":0,"15":0,"16":0,"17":0,"18":0,"19":0,"20":0,"21":0,"22":0,"23":0,"24":0,"25":0,"26":0,"27":0,"28":0,"29":0,"30":0,"31":0,"32":0,"33":0,"34":0,"35":0,"36":0,"37":0,"38":0,"39":0,"40":0,"41":0,"42":0,"43":0,"44":0,"45":0,"46":0,"47":0,"48":0,"49":0,"50":0,"51":0,"52":0,"53":0,"54":0,"55":0,"56":0,"57":0,"58":0,"59":0,"60":0,"61":0},"b":{"1":[0,0],"2":[0,0],"3":[0,0],"4":[0,0],"5":[0,0],"6":[0,0],"7":[0,0],"8":[0,0],"9":[0,0],"10":[0,0],"11":[0,0],"12":[0,0],"13":[0,0],"14":[0,0],"15":[0,0],"16":[0,0],"17":[0,0],"18":[0,0],"19":[0,0],"20":[0,0],"21":[0,0],"22":[0,0],"23":[0,0]},"f":{"1":0,"2":0,"3":0,"4":0,"5":0,"6":0,"7":0,"8":0,"9":0,"10":0,"11":0,"12":0,"13":0,"14":0,"15":0,"16":0,"17":0,"18":0,"19":0,"20":0,"21":0,"22":0,"23":0,"24":0,"25":0,"26":0,"27":0,"28":0},"fnMap":{"1":{"name":"checkUniqueAddresses","line":44,"loc":{"start":{"line":44,"column":4},"end":{"line":76,"column":4}}},"2":{"name":"estimateGas","line":81,"loc":{"start":{"line":81,"column":4},"end":{"line":108,"column":4}}},"3":{"name":"estimateBatchGas","line":113,"loc":{"start":{"line":113,"column":4},"end":{"line":145,"column":4}}},"4":{"name":"packAddressAndAmount","line":150,"loc":{"start":{"line":150,"column":4},"end":{"line":156,"column":4}}},"5":{"name":"unpackAddressAndAmount","line":161,"loc":{"start":{"line":161,"column":4},"end":{"line":168,"column":4}}},"6":{"name":"calculateOptimalGasPrice","line":173,"loc":{"start":{"line":173,"column":4},"end":{"line":188,"column":4}}},"7":{"name":"efficientArrayRemoval","line":193,"loc":{"start":{"line":193,"column":4},"end":{"line":211,"column":4}}},"8":{"name":"batchVerifySignatures","line":216,"loc":{"start":{"line":216,"column":4},"end":{"line":250,"column":4}}},"9":{"name":"verifySignature","line":255,"loc":{"start":{"line":255,"column":4},"end":{"line":289,"column":4}}},"10":{"name":"compressTransactionData","line":294,"loc":{"start":{"line":294,"column":4},"end":{"line":350,"column":4}}},"11":{"name":"decompressTransactionData","line":355,"loc":{"start":{"line":355,"column":4},"end":{"line":416,"column":4}}},"12":{"name":"calculateStorageCost","line":421,"loc":{"start":{"line":421,"column":4},"end":{"line":431,"column":4}}},"13":{"name":"findInArray","line":436,"loc":{"start":{"line":436,"column":4},"end":{"line":454,"column":4}}},"14":{"name":"countApprovals","line":459,"loc":{"start":{"line":459,"column":4},"end":{"line":474,"column":4}}},"15":{"name":"setBit","line":479,"loc":{"start":{"line":479,"column":4},"end":{"line":485,"column":4}}},"16":{"name":"clearBit","line":487,"loc":{"start":{"line":487,"column":4},"end":{"line":493,"column":4}}},"17":{"name":"getBit","line":495,"loc":{"start":{"line":495,"column":4},"end":{"line":501,"column":4}}},"18":{"name":"countSetBits","line":503,"loc":{"start":{"line":503,"column":4},"end":{"line":513,"column":4}}},"19":{"name":"calculatePercentage","line":518,"loc":{"start":{"line":518,"column":4},"end":{"line":533,"column":4}}},"20":{"name":"optimizedBatchTransfer","line":538,"loc":{"start":{"line":538,"column":4},"end":{"line":556,"column":4}}},"21":{"name":"processInChunks","line":561,"loc":{"start":{"line":561,"column":4},"end":{"line":573,"column":4}}},"22":{"name":"efficientHash","line":578,"loc":{"start":{"line":578,"column":4},"end":{"line":595,"column":4}}},"23":{"name":"calculateVotingPower","line":600,"loc":{"start":{"line":600,"column":4},"end":{"line":615,"column":4}}},"24":{"name":"checkStructPacking","line":620,"loc":{"start":{"line":620,"column":4},"end":{"line":639,"column":4}}},"25":{"name":"unpackStructData","line":644,"loc":{"start":{"line":644,"column":4},"end":{"line":654,"column":4}}},"26":{"name":"compareArrays","line":659,"loc":{"start":{"line":659,"column":4},"end":{"line":684,"column":4}}},"27":{"name":"calculateTimeWeightedVote","line":689,"loc":{"start":{"line":689,"column":4},"end":{"line":709,"column":4}}},"28":{"name":"verifyMerkleProof","line":714,"loc":{"start":{"line":714,"column":4},"end":{"line":738,"column":4}}}},"statementMap":{"1":{"start":{"line":49,"column":8},"end":{"line":49,"column":46}},"2":{"start":{"line":49,"column":35},"end":{"line":49,"column":46}},"3":{"start":{"line":75,"column":8},"end":{"line":75,"column":19}},"4":{"start":{"line":90,"column":8},"end":{"line":90,"column":38}},"5":{"start":{"line":93,"column":8},"end":{"line":93,"column":2831}},"6":{"start":{"line":97,"column":12},"end":{"line":97,"column":2991}},"7":{"start":{"line":103,"column":8},"end":{"line":103,"column":3160}},"8":{"start":{"line":107,"column":8},"end":{"line":107,"column":26}},"9":{"start":{"line":118,"column":8},"end":{"line":118,"column":44}},"10":{"start":{"line":155,"column":8},"end":{"line":155,"column":73}},"11":{"start":{"line":182,"column":8},"end":{"line":182,"column":5511}},"12":{"start":{"line":186,"column":8},"end":{"line":186,"column":64}},"13":{"start":{"line":187,"column":8},"end":{"line":187,"column":39}},"14":{"start":{"line":200,"column":8},"end":{"line":200,"column":37}},"15":{"start":{"line":202,"column":8},"end":{"line":202,"column":6046}},"16":{"start":{"line":203,"column":12},"end":{"line":203,"column":6102}},"17":{"start":{"line":206,"column":16},"end":{"line":206,"column":26}},"18":{"start":{"line":207,"column":16},"end":{"line":207,"column":27}},"19":{"start":{"line":210,"column":8},"end":{"line":210,"column":20}},"20":{"start":{"line":225,"column":8},"end":{"line":225,"column":38}},"21":{"start":{"line":226,"column":8},"end":{"line":226,"column":6715}},"22":{"start":{"line":249,"column":8},"end":{"line":249,"column":19}},"23":{"start":{"line":264,"column":8},"end":{"line":264,"column":7978}},"24":{"start":{"line":268,"column":8},"end":{"line":268,"column":17}},"25":{"start":{"line":269,"column":8},"end":{"line":269,"column":17}},"26":{"start":{"line":270,"column":8},"end":{"line":270,"column":15}},"27":{"start":{"line":279,"column":8},"end":{"line":279,"column":8391}},"28":{"start":{"line":283,"column":8},"end":{"line":283,"column":8457}},"29":{"start":{"line":287,"column":8},"end":{"line":287,"column":58}},"30":{"start":{"line":288,"column":8},"end":{"line":288,"column":81}},"31":{"start":{"line":303,"column":8},"end":{"line":303,"column":39}},"32":{"start":{"line":304,"column":8},"end":{"line":304,"column":9070}},"33":{"start":{"line":309,"column":8},"end":{"line":309,"column":30}},"34":{"start":{"line":310,"column":8},"end":{"line":310,"column":9296}},"35":{"start":{"line":429,"column":8},"end":{"line":429,"column":44}},"36":{"start":{"line":430,"column":8},"end":{"line":430,"column":33}},"37":{"start":{"line":467,"column":8},"end":{"line":467,"column":39}},"38":{"start":{"line":468,"column":8},"end":{"line":468,"column":15048}},"39":{"start":{"line":469,"column":12},"end":{"line":469,"column":15100}},"40":{"start":{"line":484,"column":8},"end":{"line":484,"column":36}},"41":{"start":{"line":492,"column":8},"end":{"line":492,"column":37}},"42":{"start":{"line":500,"column":8},"end":{"line":500,"column":43}},"43":{"start":{"line":509,"column":8},"end":{"line":509,"column":15973}},"44":{"start":{"line":527,"column":8},"end":{"line":527,"column":16368}},"45":{"start":{"line":546,"column":8},"end":{"line":546,"column":16837}},"46":{"start":{"line":569,"column":8},"end":{"line":569,"column":17448}},"47":{"start":{"line":586,"column":8},"end":{"line":586,"column":17867}},"48":{"start":{"line":591,"column":8},"end":{"line":591,"column":18056}},"49":{"start":{"line":610,"column":8},"end":{"line":610,"column":47}},"50":{"start":{"line":667,"column":8},"end":{"line":667,"column":20151}},"51":{"start":{"line":668,"column":12},"end":{"line":668,"column":24}},"52":{"start":{"line":699,"column":8},"end":{"line":699,"column":21049}},"53":{"start":{"line":700,"column":12},"end":{"line":700,"column":20}},"54":{"start":{"line":703,"column":8},"end":{"line":703,"column":59}},"55":{"start":{"line":704,"column":8},"end":{"line":704,"column":54}},"56":{"start":{"line":707,"column":8},"end":{"line":707,"column":81}},"57":{"start":{"line":723,"column":8},"end":{"line":723,"column":35}},"58":{"start":{"line":725,"column":8},"end":{"line":725,"column":21793}},"59":{"start":{"line":726,"column":12},"end":{"line":726,"column":43}},"60":{"start":{"line":728,"column":12},"end":{"line":728,"column":21915}},"61":{"start":{"line":737,"column":8},"end":{"line":737,"column":35}}},"branchMap":{"1":{"line":49,"type":"if","locations":[{"start":{"line":49,"column":8},"end":{"line":49,"column":8}},{"start":{"line":49,"column":8},"end":{"line":49,"column":8}}]},"2":{"line":93,"type":"if","locations":[{"start":{"line":93,"column":8},"end":{"line":93,"column":8}},{"start":{"line":93,"column":8},"end":{"line":93,"column":8}}]},"3":{"line":97,"type":"if","locations":[{"start":{"line":97,"column":12},"end":{"line":97,"column":12}},{"start":{"line":97,"column":12},"end":{"line":97,"column":12}}]},"4":{"line":103,"type":"if","locations":[{"start":{"line":103,"column":8},"end":{"line":103,"column":8}},{"start":{"line":103,"column":8},"end":{"line":103,"column":8}}]},"5":{"line":182,"type":"if","locations":[{"start":{"line":182,"column":8},"end":{"line":182,"column":8}},{"start":{"line":182,"column":8},"end":{"line":182,"column":8}}]},"6":{"line":182,"type":"cond-expr","locations":[{"start":{"line":182,"column":12},"end":{"line":182,"column":33}},{"start":{"line":182,"column":38},"end":{"line":182,"column":59}}]},"7":{"line":203,"type":"if","locations":[{"start":{"line":203,"column":12},"end":{"line":203,"column":12}},{"start":{"line":203,"column":12},"end":{"line":203,"column":12}}]},"8":{"line":226,"type":"if","locations":[{"start":{"line":226,"column":8},"end":{"line":226,"column":8}},{"start":{"line":226,"column":8},"end":{"line":226,"column":8}}]},"9":{"line":226,"type":"cond-expr","locations":[{"start":{"line":226,"column":12},"end":{"line":226,"column":38}},{"start":{"line":226,"column":43},"end":{"line":226,"column":77}}]},"10":{"line":264,"type":"if","locations":[{"start":{"line":264,"column":8},"end":{"line":264,"column":8}},{"start":{"line":264,"column":8},"end":{"line":264,"column":8}}]},"11":{"line":279,"type":"if","locations":[{"start":{"line":279,"column":8},"end":{"line":279,"column":8}},{"start":{"line":279,"column":8},"end":{"line":279,"column":8}}]},"12":{"line":283,"type":"if","locations":[{"start":{"line":283,"column":8},"end":{"line":283,"column":8}},{"start":{"line":283,"column":8},"end":{"line":283,"column":8}}]},"13":{"line":304,"type":"if","locations":[{"start":{"line":304,"column":8},"end":{"line":304,"column":8}},{"start":{"line":304,"column":8},"end":{"line":304,"column":8}}]},"14":{"line":304,"type":"cond-expr","locations":[{"start":{"line":304,"column":12},"end":{"line":304,"column":34}},{"start":{"line":304,"column":39},"end":{"line":304,"column":66}}]},"15":{"line":469,"type":"if","locations":[{"start":{"line":469,"column":12},"end":{"line":469,"column":12}},{"start":{"line":469,"column":12},"end":{"line":469,"column":12}}]},"16":{"line":527,"type":"if","locations":[{"start":{"line":527,"column":8},"end":{"line":527,"column":8}},{"start":{"line":527,"column":8},"end":{"line":527,"column":8}}]},"17":{"line":546,"type":"if","locations":[{"start":{"line":546,"column":8},"end":{"line":546,"column":8}},{"start":{"line":546,"column":8},"end":{"line":546,"column":8}}]},"18":{"line":569,"type":"if","locations":[{"start":{"line":569,"column":8},"end":{"line":569,"column":8}},{"start":{"line":569,"column":8},"end":{"line":569,"column":8}}]},"19":{"line":586,"type":"if","locations":[{"start":{"line":586,"column":8},"end":{"line":586,"column":8}},{"start":{"line":586,"column":8},"end":{"line":586,"column":8}}]},"20":{"line":667,"type":"if","locations":[{"start":{"line":667,"column":8},"end":{"line":667,"column":8}},{"start":{"line":667,"column":8},"end":{"line":667,"column":8}}]},"21":{"line":699,"type":"if","locations":[{"start":{"line":699,"column":8},"end":{"line":699,"column":8}},{"start":{"line":699,"column":8},"end":{"line":699,"column":8}}]},"22":{"line":699,"type":"cond-expr","locations":[{"start":{"line":699,"column":12},"end":{"line":699,"column":35}},{"start":{"line":699,"column":40},"end":{"line":699,"column":61}}]},"23":{"line":728,"type":"if","locations":[{"start":{"line":728,"column":12},"end":{"line":728,"column":12}},{"start":{"line":728,"column":12},"end":{"line":728,"column":12}}]}}}}