TN:
SF:C:\Users\khoer\dao-multisig-wallet\contracts\DAOMultiSigWallet.sol
FN:94,onlySigner
FN:99,validRequirement
FN:105,txExists
FN:110,notExecuted
FN:115,notPaused
FN:120,validProposalDuration
FN:128,validDeadline
FN:133,executionDelayMet
FN:141,notExpired
FN:157,constructor
FN:181,_validateSigners
FN:198,submitTransaction
FN:233,submitBatchTransactions
FN:251,_submitTransactionInternal
FN:284,voteOnTransaction
FN:314,batchVote
FN:331,_voteInternal
FN:355,executeTransaction
FN:372,_executeTransactionInternal
FN:396,batchExecuteTransactions
FN:409,_canExecuteTransaction
FN:424,_executeTransactionInternalBatch
FN:443,addSigner
FN:457,removeSigner
FN:484,changeRequiredSignatures
FN:497,changeProposalDuration
FN:508,togglePause
FN:516,changeExecutionDelay
FN:522,getSigners
FN:526,getSignerCount
FN:530,getRequiredSignatures
FN:534,getProposalDuration
FN:538,isPaused
FN:542,getTransaction
FN:565,getProposal
FN:580,hasVoted
FN:584,getVote
FN:588,getTransactionStatus
FN:620,estimateExecutionGas
FN:626,estimateBatchExecutionGas
FN:642,
FNF:41
FNH:33
FNDA:2056,onlySigner
FNDA:889,validRequirement
FNDA:1039,txExists
FNDA:1021,notExecuted
FNDA:1976,notPaused
FNDA:0,validProposalDuration
FNDA:897,validDeadline
FNDA:0,executionDelayMet
FNDA:0,notExpired
FNDA:859,constructor
FNDA:859,_validateSigners
FNDA:825,submitTransaction
FNDA:18,submitBatchTransactions
FNDA:54,_submitTransactionInternal
FNDA:741,voteOnTransaction
FNDA:54,batchVote
FNDA:374,_voteInternal
FNDA:226,executeTransaction
FNDA:154,_executeTransactionInternal
FNDA:22,batchExecuteTransactions
FNDA:74,_canExecuteTransaction
FNDA:74,_executeTransactionInternalBatch
FNDA:26,addSigner
FNDA:0,removeSigner
FNDA:12,changeRequiredSignatures
FNDA:0,changeProposalDuration
FNDA:90,togglePause
FNDA:0,changeExecutionDelay
FNDA:54,getSigners
FNDA:36,getSignerCount
FNDA:48,getRequiredSignatures
FNDA:18,getProposalDuration
FNDA:72,isPaused
FNDA:216,getTransaction
FNDA:0,getProposal
FNDA:36,hasVoted
FNDA:54,getVote
FNDA:52,getTransactionStatus
FNDA:34,estimateExecutionGas
FNDA:18,estimateBatchExecutionGas
FNDA:0,
DA:95,2056
DA:96,2012
DA:100,889
DA:101,871
DA:102,871
DA:106,1039
DA:107,1021
DA:111,1021
DA:112,1003
DA:116,1976
DA:117,1904
DA:121,0
DA:125,0
DA:129,897
DA:130,879
DA:134,0
DA:138,0
DA:142,0
DA:146,0
DA:160,859
DA:162,823
DA:163,2504
DA:164,2504
DA:166,2504
DA:167,2504
DA:170,823
DA:177,823
DA:182,859
DA:183,2558
DA:184,2540
DA:185,2733
DA:199,825
DA:201,807
DA:203,807
DA:216,807
DA:217,807
DA:218,807
DA:219,807
DA:220,807
DA:222,807
DA:234,18
DA:235,18
DA:236,18
DA:237,18
DA:239,18
DA:241,18
DA:242,54
DA:252,54
DA:254,54
DA:256,54
DA:269,54
DA:270,54
DA:271,54
DA:272,54
DA:273,54
DA:275,54
DA:285,741
DA:286,741
DA:287,741
DA:288,716
DA:290,698
DA:291,698
DA:293,698
DA:294,674
DA:296,24
DA:299,698
DA:302,698
DA:304,0
DA:315,54
DA:316,54
DA:318,54
DA:319,374
DA:320,374
DA:326,374
DA:332,374
DA:334,374
DA:335,374
DA:337,374
DA:338,356
DA:340,18
DA:343,374
DA:357,226
DA:358,226
DA:360,226
DA:361,208
DA:363,190
DA:364,172
DA:366,154
DA:373,154
DA:375,154
DA:376,154
DA:378,154
DA:380,154
DA:382,154
DA:383,21
DA:384,21
DA:385,21
DA:398,22
DA:399,22
DA:401,22
DA:402,74
DA:403,74
DA:404,74
DA:410,74
DA:411,0
DA:414,74
DA:415,74
DA:418,74
DA:425,74
DA:427,74
DA:428,74
DA:430,74
DA:432,74
DA:434,74
DA:435,0
DA:436,0
DA:444,26
DA:445,26
DA:446,26
DA:448,26
DA:449,26
DA:451,26
DA:458,0
DA:459,0
DA:461,0
DA:463,0
DA:464,0
DA:465,0
DA:466,0
DA:467,0
DA:471,0
DA:472,0
DA:473,0
DA:476,0
DA:486,12
DA:487,12
DA:489,12
DA:499,0
DA:500,0
DA:502,0
DA:509,90
DA:510,90
DA:517,0
DA:518,0
DA:523,54
DA:527,36
DA:531,48
DA:535,18
DA:539,72
DA:552,216
DA:553,216
DA:571,0
DA:572,0
DA:581,36
DA:585,54
DA:594,52
DA:595,0
DA:598,52
DA:599,52
DA:601,52
DA:606,52
DA:613,52
DA:615,52
DA:621,34
DA:622,34
DA:627,18
DA:629,18
DA:630,54
DA:631,54
DA:635,18
LF:170
LH:140
BRDA:95,1,0,2012
BRDA:95,1,1,44
BRDA:100,2,0,871
BRDA:100,2,1,18
BRDA:101,3,0,871
BRDA:101,3,1,0
BRDA:106,4,0,1021
BRDA:106,4,1,18
BRDA:111,5,0,1003
BRDA:111,5,1,18
BRDA:116,6,0,1904
BRDA:116,6,1,72
BRDA:121,7,0,0
BRDA:121,7,1,0
BRDA:129,8,0,879
BRDA:129,8,1,18
BRDA:134,9,0,0
BRDA:134,9,1,0
BRDA:142,10,0,0
BRDA:142,10,1,0
BRDA:164,11,0,2504
BRDA:164,11,1,0
BRDA:183,12,0,2540
BRDA:183,12,1,18
BRDA:185,13,0,2715
BRDA:185,13,1,18
BRDA:198,14,0,879
BRDA:198,14,1,18
BRDA:198,15,0,843
BRDA:198,15,1,36
BRDA:198,16,0,825
BRDA:198,16,1,18
BRDA:199,17,0,807
BRDA:199,17,1,18
BRDA:233,18,0,18
BRDA:233,18,1,0
BRDA:233,19,0,18
BRDA:233,19,1,0
BRDA:234,20,0,18
BRDA:234,20,1,0
BRDA:235,21,0,18
BRDA:235,21,1,0
BRDA:236,22,0,18
BRDA:236,22,1,0
BRDA:237,23,0,18
BRDA:237,23,1,0
BRDA:251,24,0,54
BRDA:251,24,1,0
BRDA:252,25,0,54
BRDA:252,25,1,0
BRDA:284,26,0,777
BRDA:284,26,1,26
BRDA:284,27,0,759
BRDA:284,27,1,18
BRDA:284,28,0,759
BRDA:284,28,1,0
BRDA:284,29,0,741
BRDA:284,29,1,18
BRDA:286,30,0,741
BRDA:286,30,1,0
BRDA:287,31,0,716
BRDA:287,31,1,25
BRDA:288,32,0,698
BRDA:288,32,1,18
BRDA:293,33,0,674
BRDA:293,33,1,24
BRDA:302,34,0,0
BRDA:302,34,1,698
BRDA:314,35,0,54
BRDA:314,35,1,0
BRDA:314,36,0,54
BRDA:314,36,1,0
BRDA:315,37,0,54
BRDA:315,37,1,0
BRDA:316,38,0,54
BRDA:316,38,1,0
BRDA:320,39,0,374
BRDA:320,39,1,0
BRDA:337,40,0,356
BRDA:337,40,1,18
BRDA:352,41,0,262
BRDA:352,41,1,0
BRDA:353,42,0,262
BRDA:353,42,1,0
BRDA:354,43,0,244
BRDA:354,43,1,18
BRDA:355,44,0,226
BRDA:355,44,1,18
BRDA:360,45,0,208
BRDA:360,45,1,18
BRDA:361,46,0,190
BRDA:361,46,1,18
BRDA:363,47,0,172
BRDA:363,47,1,18
BRDA:364,48,0,154
BRDA:364,48,1,18
BRDA:382,49,0,21
BRDA:382,49,1,133
BRDA:394,50,0,22
BRDA:394,50,1,0
BRDA:395,51,0,22
BRDA:395,51,1,0
BRDA:396,52,0,22
BRDA:396,52,1,0
BRDA:399,53,0,22
BRDA:399,53,1,0
BRDA:403,54,0,74
BRDA:403,54,1,0
BRDA:410,55,0,0
BRDA:410,55,1,74
BRDA:410,56,0,0
BRDA:410,56,1,0
BRDA:434,57,0,0
BRDA:434,57,1,74
BRDA:444,58,0,26
BRDA:444,58,1,0
BRDA:445,59,0,26
BRDA:445,59,1,0
BRDA:446,60,0,26
BRDA:446,60,1,0
BRDA:458,61,0,0
BRDA:458,61,1,0
BRDA:459,62,0,0
BRDA:459,62,1,0
BRDA:464,63,0,0
BRDA:464,63,1,0
BRDA:471,64,0,0
BRDA:471,64,1,0
BRDA:484,65,0,12
BRDA:484,65,1,0
BRDA:497,66,0,0
BRDA:497,66,1,0
BRDA:508,67,0,90
BRDA:508,67,1,18
BRDA:517,68,0,0
BRDA:517,68,1,0
BRDA:594,69,0,0
BRDA:594,69,1,52
BRDA:616,70,0,34
BRDA:616,70,1,18
BRDA:621,71,0,34
BRDA:621,71,1,0
BRDA:630,72,0,54
BRDA:630,72,1,0
BRF:144
BRH:90
end_of_record
TN:
SF:C:\Users\khoer\dao-multisig-wallet\contracts\GasOptimizer.sol
FN:44,checkUniqueAddresses
FN:81,estimateGas
FN:113,estimateBatchGas
FN:150,packAddressAndAmount
FN:161,unpackAddressAndAmount
FN:173,calculateOptimalGasPrice
FN:193,efficientArrayRemoval
FN:216,batchVerifySignatures
FN:255,verifySignature
FN:294,compressTransactionData
FN:355,decompressTransactionData
FN:421,calculateStorageCost
FN:436,findInArray
FN:459,countApprovals
FN:479,setBit
FN:487,clearBit
FN:495,getBit
FN:503,countSetBits
FN:518,calculatePercentage
FN:538,optimizedBatchTransfer
FN:561,processInChunks
FN:578,efficientHash
FN:600,calculateVotingPower
FN:620,checkStructPacking
FN:644,unpackStructData
FN:659,compareArrays
FN:689,calculateTimeWeightedVote
FN:714,verifyMerkleProof
FNF:28
FNH:0
FNDA:0,checkUniqueAddresses
FNDA:0,estimateGas
FNDA:0,estimateBatchGas
FNDA:0,packAddressAndAmount
FNDA:0,unpackAddressAndAmount
FNDA:0,calculateOptimalGasPrice
FNDA:0,efficientArrayRemoval
FNDA:0,batchVerifySignatures
FNDA:0,verifySignature
FNDA:0,compressTransactionData
FNDA:0,decompressTransactionData
FNDA:0,calculateStorageCost
FNDA:0,findInArray
FNDA:0,countApprovals
FNDA:0,setBit
FNDA:0,clearBit
FNDA:0,getBit
FNDA:0,countSetBits
FNDA:0,calculatePercentage
FNDA:0,optimizedBatchTransfer
FNDA:0,processInChunks
FNDA:0,efficientHash
FNDA:0,calculateVotingPower
FNDA:0,checkStructPacking
FNDA:0,unpackStructData
FNDA:0,compareArrays
FNDA:0,calculateTimeWeightedVote
FNDA:0,verifyMerkleProof
DA:49,0
DA:52,0
DA:75,0
DA:90,0
DA:93,0
DA:94,0
DA:97,0
DA:98,0
DA:103,0
DA:104,0
DA:107,0
DA:118,0
DA:121,0
DA:144,0
DA:155,0
DA:166,0
DA:167,0
DA:182,0
DA:183,0
DA:186,0
DA:187,0
DA:200,0
DA:202,0
DA:203,0
DA:205,0
DA:206,0
DA:207,0
DA:210,0
DA:225,0
DA:226,0
DA:227,0
DA:231,0
DA:249,0
DA:264,0
DA:265,0
DA:268,0
DA:269,0
DA:270,0
DA:273,0
DA:279,0
DA:280,0
DA:283,0
DA:284,0
DA:287,0
DA:288,0
DA:303,0
DA:304,0
DA:305,0
DA:309,0
DA:310,0
DA:311,0
DA:314,0
DA:316,0
DA:364,0
DA:429,0
DA:430,0
DA:441,0
DA:467,0
DA:468,0
DA:469,0
DA:470,0
DA:472,0
DA:484,0
DA:492,0
DA:500,0
DA:509,0
DA:510,0
DA:511,0
DA:527,0
DA:528,0
DA:532,0
DA:546,0
DA:547,0
DA:551,0
DA:569,0
DA:570,0
DA:572,0
DA:586,0
DA:587,0
DA:591,0
DA:610,0
DA:611,0
DA:613,0
DA:614,0
DA:630,0
DA:649,0
DA:667,0
DA:668,0
DA:671,0
DA:699,0
DA:700,0
DA:703,0
DA:704,0
DA:707,0
DA:708,0
DA:723,0
DA:725,0
DA:726,0
DA:728,0
DA:730,0
DA:733,0
DA:737,0
LF:102
LH:0
BRDA:49,1,0,0
BRDA:49,1,1,0
BRDA:93,2,0,0
BRDA:93,2,1,0
BRDA:97,3,0,0
BRDA:97,3,1,0
BRDA:103,4,0,0
BRDA:103,4,1,0
BRDA:182,5,0,0
BRDA:182,5,1,0
BRDA:182,6,0,0
BRDA:182,6,1,0
BRDA:203,7,0,0
BRDA:203,7,1,0
BRDA:226,8,0,0
BRDA:226,8,1,0
BRDA:226,9,0,0
BRDA:226,9,1,0
BRDA:264,10,0,0
BRDA:264,10,1,0
BRDA:279,11,0,0
BRDA:279,11,1,0
BRDA:283,12,0,0
BRDA:283,12,1,0
BRDA:304,13,0,0
BRDA:304,13,1,0
BRDA:304,14,0,0
BRDA:304,14,1,0
BRDA:469,15,0,0
BRDA:469,15,1,0
BRDA:527,16,0,0
BRDA:527,16,1,0
BRDA:546,17,0,0
BRDA:546,17,1,0
BRDA:569,18,0,0
BRDA:569,18,1,0
BRDA:586,19,0,0
BRDA:586,19,1,0
BRDA:667,20,0,0
BRDA:667,20,1,0
BRDA:699,21,0,0
BRDA:699,21,1,0
BRDA:699,22,0,0
BRDA:699,22,1,0
BRDA:728,23,0,0
BRDA:728,23,1,0
BRF:46
BRH:0
end_of_record
